build/app/outputs/mapping/devRelease/seeds.txt
com.example.mock_bloc_stream.MainActivity
com.example.mock_bloc_stream.MainActivity: MainActivity()
...
kotlin.coroutines.jvm.internal.SuspendLambda: SuspendLambda(int,kotlin.coroutines.Continuation)
io.flutter.embedding.engine.FlutterJNI: boolean getIsSoftwareRenderingEnabled()
androidx.window.layout.SidecarAdapter$Companion: java.util.List getSidecarDisplayFeatures(androidx.window.sidecar.SidecarWindowLayoutInfo)
androidx.window.embedding.SplitPairFilter: java.lang.String getSecondaryActivityIntentAction()
kotlin.jvm.internal.FunctionReference: FunctionReference(int,java.lang.Object)
androidx.window.layout.WindowInfoTrackerImpl$Companion: WindowInfoTrackerImpl$Companion(kotlin.jvm.internal.DefaultConstructorMarker)
androidx.window.layout.SidecarWindowBackend$WindowLayoutChangeCallbackWrapper: SidecarWindowBackend$WindowLayoutChangeCallbackWrapper(android.app.Activity,java.util.concurrent.Executor,androidx.core.util.Consumer)
com.google.android.gms.measurement.internal.AppMeasurementDynamiteService: void setUserId(java.lang.String,long)
androidx.window.layout.SidecarCompat$Companion: androidx.window.core.Version getSidecarVersion()
androidx.window.layout.WindowMetricsCalculator$Companion$overrideDecorator$1: WindowMetricsCalculator$Companion$overrideDecorator$1(java.lang.Object)
kotlin.coroutines.jvm.internal.ContinuationImpl: ContinuationImpl(kotlin.coroutines.Continuation,kotlin.coroutines.CoroutineContext)
kotlin.coroutines.jvm.internal.SuspendLambda: java.lang.String toString()
androidx.window.core.Version$Companion: Version$Companion(kotlin.jvm.internal.DefaultConstructorMarker)
io.flutter.plugin.editing.ImeSyncDeferringInsetsCallback: boolean access$302(io.flutter.plugin.editing.ImeSyncDeferringInsetsCallback,boolean)
io.flutter.embedding.engine.FlutterJNI: boolean nativeFlutterTextUtilsIsRegionalIndicator(int)
com.google.android.datatransport.cct.internal.NetworkConnectionInfo$MobileSubtype: com.google.android.datatransport.cct.internal.NetworkConnectionInfo$MobileSubtype[] values()
com.google.android.datatransport.runtime.backends.BackendResponse$Status: com.google.android.datatransport.runtime.backends.BackendResponse$Status[] values()
kotlin.jvm.internal.FunctionReference: int hashCode()
androidx.window.embedding.SplitInfo: SplitInfo(androidx.window.embedding.ActivityStack,androidx.window.embedding.ActivityStack,float)
io.flutter.plugin.platform.SingleViewPresentation: io.flutter.plugin.platform.SingleViewPresentation$PresentationState detachState()
androidx.window.embedding.EmbeddingCompat$Companion: java.lang.Integer getExtensionApiLevel()
androidx.window.embedding.ExtensionEmbeddingBackend: void setEmbeddingExtension(androidx.window.embedding.EmbeddingInterfaceCompat)
io.flutter.embedding.android.FlutterTextureView: void setRenderSurface(android.view.Surface)
io.flutter.embedding.engine.FlutterJNI: void nativeDeferredComponentInstallFailure(int,java.lang.String,boolean)
com.google.firebase.datatransport.TransportRegistrar: TransportRegistrar()
kotlin.coroutines.jvm.internal.ContinuationImpl: kotlin.coroutines.CoroutineContext getContext()
androidx.lifecycle.Lifecycle$State: androidx.lifecycle.Lifecycle$State valueOf(java.lang.String)
androidx.window.core.Bounds: Bounds(int,int,int,int)
io.flutter.plugin.editing.ImeSyncDeferringInsetsCallback$AnimationCallback: android.view.WindowInsets onProgress(android.view.WindowInsets,java.util.List)
androidx.window.layout.WindowMetricsCalculator$Companion: void overrideDecorator(androidx.window.layout.WindowMetricsCalculatorDecorator)
com.google.firebase.ktx.FirebaseCommonKtxRegistrar: FirebaseCommonKtxRegistrar()
io.flutter.plugin.editing.ImeSyncDeferringInsetsCallback: android.view.View access$600(io.flutter.plugin.editing.ImeSyncDeferringInsetsCallback)
androidx.window.core.Version$Companion: androidx.window.core.Version getCURRENT()
androidx.window.embedding.ExtensionEmbeddingBackend: java.util.Set getSplitRules()
io.flutter.embedding.engine.FlutterJNI: void nativeSurfaceWindowChanged(long,android.view.Surface)