build/app/outputs/mapping/devRelease/mapping.txt
# compiler: R8
# compiler_version: 3.1.66
# min_api: 19
# pg_map_id: 6b245bd
# common_typos_disable
# {"id":"com.android.tools.r8.mapping","version":"1.0"}
...
com.google.android.gms.stats.zzc -> e1.d:
    int zza -> a
com.google.android.gms.stats.zzd -> e1.e:
com.google.android.gms.stats.zze -> e1.f:
com.google.android.gms.tasks.Continuation -> f1.a:
    java.lang.Object then(com.google.android.gms.tasks.Task) -> a
com.google.android.gms.tasks.DuplicateTaskCompletionException -> f1.b:
    java.lang.IllegalStateException of(com.google.android.gms.tasks.Task) -> a
com.google.android.gms.tasks.OnCanceledListener -> f1.c:
    void onCanceled() -> b
com.google.android.gms.tasks.OnCompleteListener -> f1.d:
    void onComplete(com.google.android.gms.tasks.Task) -> a
com.google.android.gms.tasks.OnFailureListener -> f1.e:
    void onFailure(java.lang.Exception) -> c
com.google.android.gms.tasks.OnSuccessListener -> f1.f:
    void onSuccess(java.lang.Object) -> d
com.google.android.gms.tasks.RuntimeExecutionException -> f1.g:
com.google.android.gms.tasks.SuccessContinuation -> f1.h:
    com.google.android.gms.tasks.Task then(java.lang.Object) -> a
com.google.android.gms.tasks.Task -> f1.i:
    com.google.android.gms.tasks.Task addOnCanceledListener(java.util.concurrent.Executor,com.google.android.gms.tasks.OnCanceledListener) -> a
    com.google.android.gms.tasks.Task addOnCompleteListener(com.google.android.gms.tasks.OnCompleteListener) -> b
    com.google.android.gms.tasks.Task addOnCompleteListener(java.util.concurrent.Executor,com.google.android.gms.tasks.OnCompleteListener) -> c
    com.google.android.gms.tasks.Task addOnFailureListener(java.util.concurrent.Executor,com.google.android.gms.tasks.OnFailureListener) -> d
    com.google.android.gms.tasks.Task addOnSuccessListener(java.util.concurrent.Executor,com.google.android.gms.tasks.OnSuccessListener) -> e
    com.google.android.gms.tasks.Task continueWith(com.google.android.gms.tasks.Continuation) -> f
    com.google.android.gms.tasks.Task continueWith(java.util.concurrent.Executor,com.google.android.gms.tasks.Continuation) -> g
    com.google.android.gms.tasks.Task continueWithTask(java.util.concurrent.Executor,com.google.android.gms.tasks.Continuation) -> h
    java.lang.Exception getException() -> i
    java.lang.Object getResult() -> j
    java.lang.Object getResult(java.lang.Class) -> k
    boolean isCanceled() -> l
    boolean isComplete() -> m
    boolean isSuccessful() -> n
    com.google.android.gms.tasks.Task onSuccessTask(com.google.android.gms.tasks.SuccessContinuation) -> o
com.google.android.gms.tasks.TaskCompletionSource -> f1.j:
    com.google.android.gms.tasks.zzw zza -> a
    com.google.android.gms.tasks.Task getTask() -> a
    void setException(java.lang.Exception) -> b
    void setResult(java.lang.Object) -> c
    boolean trySetException(java.lang.Exception) -> d
    boolean trySetResult(java.lang.Object) -> e
com.google.android.gms.tasks.TaskExecutors -> f1.k:
    java.util.concurrent.Executor MAIN_THREAD -> a
    java.util.concurrent.Executor zza -> b
com.google.android.gms.tasks.Tasks -> f1.l:
    java.lang.Object await(com.google.android.gms.tasks.Task) -> a
    java.lang.Object await(com.google.android.gms.tasks.Task,long,java.util.concurrent.TimeUnit) -> b
    com.google.android.gms.tasks.Task call(java.util.concurrent.Executor,java.util.concurrent.Callable) -> c
    com.google.android.gms.tasks.Task forException(java.lang.Exception) -> d
    com.google.android.gms.tasks.Task forResult(java.lang.Object) -> e
    com.google.android.gms.tasks.Task whenAll(java.util.Collection) -> f
    com.google.android.gms.tasks.Task whenAll(com.google.android.gms.tasks.Task[]) -> g
    com.google.android.gms.tasks.Task whenAllComplete(java.util.Collection) -> h
    com.google.android.gms.tasks.Task whenAllComplete(com.google.android.gms.tasks.Task[]) -> i
    java.lang.Object zza(com.google.android.gms.tasks.Task) -> j
    void zzb(com.google.android.gms.tasks.Task,com.google.android.gms.tasks.zzae) -> k