build/app/outputs/mapping/devRelease/usage.txt
com.example.mock_bloc_stream.BuildConfig
com.example.mock_bloc_stream.R$attr
com.example.mock_bloc_stream.R$color
com.example.mock_bloc_stream.R$dimen
com.example.mock_bloc_stream.R$drawable
com.example.mock_bloc_stream.R$id
com.example.mock_bloc_stream.R$integer
com.example.mock_bloc_stream.R$layout
com.example.mock_bloc_stream.R$mipmap
com.example.mock_bloc_stream.R$raw
com.example.mock_bloc_stream.R$string
com.example.mock_bloc_stream.R$style
com.example.mock_bloc_stream.R$styleable
com.example.mock_bloc_stream.R
...
androidx.test.espresso.ViewInteractionModule_ProvideRootMatcherFactory
androidx.test.espresso.ViewInteractionModule_ProvideRootViewFactory
androidx.test.espresso.ViewInteractionModule_ProvideViewFinderFactory
androidx.test.espresso.ViewInteractionModule_ProvideViewMatcherFactory
androidx.test.espresso.ViewInteraction_Factory
androidx.test.espresso.action.AdapterDataLoaderAction
androidx.test.espresso.action.AdapterViewProtocol$1
androidx.test.espresso.action.AdapterViewProtocol$AdaptedData$Builder$1
androidx.test.espresso.action.AdapterViewProtocol$AdaptedData$Builder
androidx.test.espresso.action.AdapterViewProtocol$AdaptedData
androidx.test.espresso.action.AdapterViewProtocol$DataFunction
androidx.test.espresso.action.AdapterViewProtocol
androidx.test.espresso.action.AdapterViewProtocols$1
androidx.test.espresso.action.AdapterViewProtocols$StandardAdapterViewProtocol$StandardDataFunction
androidx.test.espresso.action.AdapterViewProtocols$StandardAdapterViewProtocol
androidx.test.espresso.action.AdapterViewProtocols
androidx.test.espresso.action.CloseKeyboardAction$1
androidx.test.espresso.action.CloseKeyboardAction$CloseKeyboardIdlingResult$1
androidx.test.espresso.action.CloseKeyboardAction$CloseKeyboardIdlingResult$2
androidx.test.espresso.action.CloseKeyboardAction$CloseKeyboardIdlingResult
androidx.test.espresso.action.CloseKeyboardAction
androidx.test.espresso.action.CoordinatesProvider
androidx.test.espresso.action.EditorAction
androidx.test.espresso.action.EspressoKey$1
androidx.test.espresso.action.EspressoKey$Builder
androidx.test.espresso.action.EspressoKey
androidx.test.espresso.action.GeneralClickAction
androidx.test.espresso.action.GeneralLocation$10
androidx.test.espresso.action.GeneralLocation$1
androidx.test.espresso.action.GeneralLocation$2
androidx.test.espresso.action.GeneralLocation$3
androidx.test.espresso.action.GeneralLocation$4
androidx.test.espresso.action.GeneralLocation$5
androidx.test.espresso.action.GeneralLocation$6
androidx.test.espresso.action.GeneralLocation$7
androidx.test.espresso.action.GeneralLocation$8
androidx.test.espresso.action.GeneralLocation$9
androidx.test.espresso.action.GeneralLocation$Position$1
androidx.test.espresso.action.GeneralLocation$Position$2
androidx.test.espresso.action.GeneralLocation$Position$3
androidx.test.espresso.action.GeneralLocation$Position
androidx.test.espresso.action.GeneralLocation
androidx.test.espresso.action.GeneralSwipeAction
androidx.test.espresso.action.KeyEventAction
androidx.test.espresso.action.KeyEventActionBase
androidx.test.espresso.action.MotionEvents$DownResultHolder
androidx.test.espresso.action.MotionEvents
androidx.test.espresso.action.OpenLinkAction
androidx.test.espresso.action.PrecisionDescriber
androidx.test.espresso.action.Press$1
androidx.test.espresso.action.Press$2
androidx.test.espresso.action.Press$3
androidx.test.espresso.action.Press
androidx.test.espresso.action.PressBackAction
androidx.test.espresso.action.RepeatActionUntilViewState
androidx.test.espresso.action.ReplaceTextAction
androidx.test.espresso.action.ScrollToAction
androidx.test.espresso.action.Swipe$1
androidx.test.espresso.action.Swipe$2
androidx.test.espresso.action.Swipe
androidx.test.espresso.action.Swiper$Status
androidx.test.espresso.action.Swiper
androidx.test.espresso.action.Tap$1
androidx.test.espresso.action.Tap$2
androidx.test.espresso.action.Tap$3
androidx.test.espresso.action.Tap
androidx.test.espresso.action.Tapper$Status
androidx.test.espresso.action.Tapper
androidx.test.espresso.action.TranslatedCoordinatesProvider
androidx.test.espresso.action.TypeTextAction
androidx.test.espresso.action.ViewActions$1
androidx.test.espresso.action.ViewActions
androidx.test.espresso.assertion.LayoutAssertions$1
androidx.test.espresso.assertion.LayoutAssertions$NoOverlapsViewAssertion$1
androidx.test.espresso.assertion.LayoutAssertions$NoOverlapsViewAssertion
androidx.test.espresso.assertion.LayoutAssertions
androidx.test.espresso.assertion.PositionAssertions$1